

<!DOCTYPE html>
<html>
<head>
<meta charset="UTF-8">
<meta name="viewport" content="width=device-width, initial-scale=1, shrink-to-fit=no">
<title>Stroer QA - Cucumber Framework</title>
<link rel="apple-touch-icon" href="https://cdn.jsdelivr.net/gh/extent-framework/extent-github-cdn@b00a2d0486596e73dd7326beacf352c639623a0e/commons/img/logo.png">
<link rel="shortcut icon" href="https://cdn.jsdelivr.net/gh/extent-framework/extent-github-cdn@b00a2d0486596e73dd7326beacf352c639623a0e/commons/img/logo.png">
<link href="https://cdn.jsdelivr.net/gh/extent-framework/extent-github-cdn@d6562a79075e061305ccfdb82f01e5e195e2d307/spark/css/spark-style.css" rel="stylesheet" />
<link href="https://stackpath.bootstrapcdn.com/font-awesome/4.7.0/css/font-awesome.min.css" rel="stylesheet">
<script src="https://cdn.rawgit.com/extent-framework/extent-github-cdn/7cc78ce/spark/js/jsontree.js"></script>
<style type="text/css"></style></head><body class="spa bdd-report standard">
  <div class="app">
    <div class="layout">
<div class="header navbar">
<div class="vheader">
<div class="nav-logo">
<a href="#">
<div class="logo" style="background-image: url('https://cdn.jsdelivr.net/gh/extent-framework/extent-github-cdn@b00a2d0486596e73dd7326beacf352c639623a0e/commons/img/logo.png')"></div>
</a>
</div>
<ul class="nav-left">
<li class="search-box">
<a class="search-toggle" href="#">
<i class="search-icon fa fa-search"></i>
<i class="search-icon-close fa fa-close"></i>
</a>
</li>
<li class="search-input"><input id="search-tests" class="form-control" type="text" placeholder="Search..."></li>
</ul>
<ul class="nav-right">
<li class="m-r-10">
<a href="#"><span class="badge badge-primary">Stroer - Cucumber Spark Report</span></a>
</li>
<li class="m-r-10">
<a href="#"><span class="badge badge-primary">Jun 21, 2022 09:51:18 PM</span></a>
</li>
</ul>
</div>
</div><div class="side-nav">
<div class="side-nav-inner">
<ul class="side-nav-menu">
<li class="nav-item dropdown" onclick="toggleView('dashboard-view')">
<a id="nav-dashboard" class="dropdown-toggle" href="#">
<span class="ico"><i class="fa fa-bar-chart"></i></span>
</a>
</li>
<li class="nav-item dropdown" onclick="toggleView('test-view')">
<a id="nav-test" class="dropdown-toggle" href="#">
<span class="ico"><i class="fa fa-list"></i></span>
</a>
</li>
<li class="nav-item dropdown" onclick="toggleView('category-view')">
<a id="nav-category" class="dropdown-toggle" href="#">
<span class="ico"><i class="fa fa-tag"></i></span>
</a>
</li>
<li class="nav-item dropdown" onclick="toggleView('exception-view')">
<a id="nav-exception" class="dropdown-toggle" href="#">
<span class="ico"><i class="fa fa-bug"></i></span>
</a>
</li>
</ul>
</div>
</div>      <div class="vcontainer">
        <div class="main-content">
<div class="container-fluid p-4 view dashboard-view">
<div class="row">
<div class="col-md-3">
<div class="card"><div class="card-body">
<p class="m-b-0">Started</p>
<h3>Jun 21, 2022 09:51:18 PM</h3>
</div></div>
</div>
<div class="col-md-3">
<div class="card"><div class="card-body">
<p class="m-b-0">Ended</p>
<h3>Jun 21, 2022 09:51:27 PM</h3>
</div></div>
</div>
<div class="col-md-3">
<div class="card"><div class="card-body">
<p class="m-b-0 text-pass">Features Passed</p>
<h3>0</h3>
</div></div>
</div>
<div class="col-md-3">
<div class="card"><div class="card-body">
<p class="m-b-0 text-fail">Features Failed</p>
<h3>1</h3>
</div></div>
</div>
</div>
<div class="row">
<div class="col-md-4">
<div class="card">
<div class="card-header">
<h6 class="card-title">Features</h6>
</div>
<div class="card-body">
<div class="">
<canvas id='parent-analysis' width='115' height='90'></canvas>
</div>
</div>
<div class="card-footer">
<div><small data-tooltip='0%'>
<b>0</b> features passed
</small>
</div>
<div>
<small data-tooltip='100%'><b>1</b> features failed,
<b>0</b> skipped, <b data-tooltip='0%'>0</b> others
</small>
</div>
</div>
</div>
</div>
<div class="col-md-4">
<div class="card">
<div class="card-header">
<h6 class="card-title">Scenarios</h6>
</div>
<div class="card-body">
<div class="">
<canvas id='child-analysis' width='115' height='90'></canvas>
</div>
</div>
<div class="card-footer">
<div><small data-tooltip='0%'><b>0</b> scenarios passed</small></div>
<div>
<small data-tooltip='100%'><b>8</b> scenarios failed,
<b>0</b> skipped, <b data-tooltip='%'>0</b> others
</small>
</div>
</div>
</div>
</div>
<div class="col-md-4">
<div class="card">
<div class="card-header">
<h6 class="card-title">Steps</h6>
</div>
<div class="card-body">
<div class="">
<canvas id='grandchild-analysis' width='115' height='90'></canvas>
</div>
</div>
<div class="card-footer">
<div><small data-tooltip='10%'><b>8</b> steps passed</small></div>
<div>
<small data-tooltip='10%'><b>8</b> steps failed,
<b>58</b> skipped, <b data-tooltip='%'>0</b> others
</small>
</div>
</div>
</div>
</div>
</div>
<div class="row"><div class="col-md-12">
<div class="card"><div class="card-header"><p>Timeline</p></div>
<div class="card-body pt-0"><div>
<canvas id="timeline" height="120"></canvas>
</div></div>
</div>
</div></div>
<script>
var timeline = {
"Stroer Case Study":8.088
};
</script>
<div class="row">
<div class="col-lg-6 col-md-12 category-container">
<div class="card">
<div class="card-header"><p>Tags</p></div>
<div class="card-body pb-0 pt-0"><table class="table table-sm table-bordered">
<thead><tr class="bg-gray"><th>Name</th><th>Passed</th><th>Failed</th><th>Skipped</th><th>Others</th><th>Passed %</th></tr></thead><tbody>
<tr>
<td>@Requirement4</td>
<td>0</td>
<td>2</td>
<td>0</td>
<td>0</td>
<td>0%</td>
</tr>
<tr>
<td>@Requirement1</td>
<td>0</td>
<td>4</td>
<td>0</td>
<td>0</td>
<td>0%</td>
</tr>
<tr>
<td>@Requirement2</td>
<td>0</td>
<td>1</td>
<td>0</td>
<td>0</td>
<td>0%</td>
</tr>
<tr>
<td>@Requirement3</td>
<td>0</td>
<td>1</td>
<td>0</td>
<td>0</td>
<td>0%</td>
</tr>
</tbody>
</table></div>
</div>
</div>
<div class="col-lg-6 col-md-12 sysenv-container">
<div class="card">
<div class="card-header"><p>System/Environment</p></div>
<div class="card-body pb-0 pt-0"><table class="table table-sm table-bordered">
<thead><tr class="bg-gray"><th>Name</th><th>Value</th></tr></thead>
<tbody>
<tr>
<td>AppName</td>
<td>Stroer</td>
</tr>
<tr>
<td>user</td>
<td>Savita</td>
</tr>
<tr>
<td>build</td>
<td>2.0</td>
</tr>
<tr>
<td>os</td>
<td>Ubuntu</td>
</tr>
</tbody>
</table></div>
</div>
</div>
</div>
</div>
<script>
var statusGroup = {
parentCount: 5,
passParent: 0,
failParent: 1,
warningParent: 0,
skipParent: 0,
childCount: 5,
passChild: 0,
failChild: 8,
warningChild: 0,
skipChild: 0,
infoChild: 0,
grandChildCount: 5,
passGrandChild: 8,
failGrandChild: 8,
warningGrandChild: 0,
skipGrandChild: 58,
infoGrandChild: 0,
eventsCount: 5,
};
</script><div class="test-wrapper row view test-view">
  <div class="test-list">
    <div class="test-list-tools">
<ul class="tools pull-left">
<li><a href="#"><span class="font-size-14">Tests</span></a></li>
</ul>
<ul class="tools text-right">
<li class="dropdown">
<a href="#" class="dropdown-toggle" data-toggle="dropdown"><i class="fa fa-exclamation-circle"></i></a>
<ul id="status-toggle" class="dropdown-menu dropdown-md p-v-0">
<a class="dropdown-item" status="fail" href="#"><span>Fail</span><span class="status danger"></span></a>
<div class="dropdown-divider"></div>
<a status="clear" class="dropdown-item" href="#"><span>Clear</span><span class="pull-right"><i class="fa fa-close"></i></span></a>
</ul>
</li>
<li class="dropdown">
<a href="#" class="dropdown-toggle" data-toggle="dropdown"><i class="fa fa-tag"></i></a>
<ul id="tag-toggle" class="dropdown-menu dropdown-md p-v-0">
<a class="dropdown-item" href="#">@Requirement4</a><a class="dropdown-item" href="#">@Requirement1</a><a class="dropdown-item" href="#">@Requirement2</a><a class="dropdown-item" href="#">@Requirement3</a>
</ul>
</li>
</ul>
</div>    <div class="test-list-wrapper scrollable">
      <ul class="test-list-item">
        <li class="test-item"  status="fail" test-id="1"
          author=""
          tag=""
          device="">
          <div class="test-detail">
            <p class="name">Stroer Case Study</p>
            <p class="text-sm">
              <span>9:51:19 PM</span> / <span>00:00:08:088</span>
              <span class="badge fail-bg log float-right">Fail</span>
            </p>
          </div>
          <div class="test-contents d-none">
<div class="detail-head">
<div class="p-v-10">
<div class="info">
<h5 class="test-status text-fail">Stroer Case Study</h5>
<span class='badge badge-success'>06.21.2022 9:51:19 PM</span>
<span class='badge badge-danger'>06.21.2022 9:51:27 PM</span>
<span class='badge badge-default'>00:00:08:088</span>
&middot; <span class='uri-anchor badge badge-default'>#test-id=1</span>
<span class='badge badge-default pointer float-right ml-1 et'><i class="fa fa-chevron-down"></i></span>
<span class='badge badge-default pointer float-right ct'><i class="fa fa-chevron-up"></i></span>
</div>
<div class="m-t-10 m-l-5"></div>
</div>
</div>
<div class="accordion mt-4">
  <div class="card">
    <div class="card-header" role="tab">
      <div class="card-title">
        <div class="node" id="2"><span class="badge log fail-bg mr-2">Fail</span>Test01 >> verify user is able login to webShop</div>
          <div class="status-avatar float-right mr-4">
            <i class="fa fa-paperclip"></i>
          </div>
      </div>
    </div>
        <div class="">
          <div class="card-body">
              <div class="step fail-bg" title="com.testproject.stepDefs.StroerStepDef.user_navigates_to_web_shop_url()">
                <span>When User navigates to web shop URL</span>
      <div>
        <textarea disabled class="code-block">org.openqa.selenium.WebDriverException: unknown error: net::ERR_NAME_NOT_RESOLVED
  (Session info: chrome=102.0.5005.61)
Build info: version: '4.1.4', revision: '535d840ee2'
System info: host: 'ravimuktavarapu-ThinkPad-P15s-Gen-2i', ip: '127.0.1.1', os.name: 'Linux', os.arch: 'amd64', os.version: '5.13.0-48-generic', java.version: '17.0.1'
Driver info: org.openqa.selenium.chrome.ChromeDriver
Command: [569d189d5de20a6a04d7ef7839d6c1f3, get {url=http://webshop.url/}]
Capabilities {acceptInsecureCerts: false, browserName: chrome, browserVersion: 102.0.5005.61, chrome: {chromedriverVersion: 102.0.5005.61 (0e59bcc00cc4..., userDataDir: /tmp/.com.google.Chrome.vDiKzs}, goog:chromeOptions: {debuggerAddress: localhost:42317}, javascriptEnabled: true, networkConnectionEnabled: false, pageLoadStrategy: normal, platform: LINUX, platformName: LINUX, proxy: Proxy(), se:cdp: ws://localhost:42317/devtoo..., se:cdpVersion: 102.0.5005.61, setWindowRect: true, strictFileInteractability: false, timeouts: {implicit: 0, pageLoad: 300000, script: 30000}, unhandledPromptBehavior: dismiss and notify, webauthn:extension:credBlob: true, webauthn:extension:largeBlob: true, webauthn:virtualAuthenticators: true}
Session ID: 569d189d5de20a6a04d7ef7839d6c1f3
	at java.base/jdk.internal.reflect.NativeConstructorAccessorImpl.newInstance0(Native Method)
	at java.base/jdk.internal.reflect.NativeConstructorAccessorImpl.newInstance(NativeConstructorAccessorImpl.java:77)
	at java.base/jdk.internal.reflect.DelegatingConstructorAccessorImpl.newInstance(DelegatingConstructorAccessorImpl.java:45)
	at java.base/java.lang.reflect.Constructor.newInstanceWithCaller(Constructor.java:499)
	at java.base/java.lang.reflect.Constructor.newInstance(Constructor.java:480)
	at org.openqa.selenium.remote.codec.w3c.W3CHttpResponseCodec.createException(W3CHttpResponseCodec.java:200)
	at org.openqa.selenium.remote.codec.w3c.W3CHttpResponseCodec.decode(W3CHttpResponseCodec.java:133)
	at org.openqa.selenium.remote.codec.w3c.W3CHttpResponseCodec.decode(W3CHttpResponseCodec.java:53)
	at org.openqa.selenium.remote.HttpCommandExecutor.execute(HttpCommandExecutor.java:184)
	at org.openqa.selenium.remote.service.DriverCommandExecutor.invokeExecute(DriverCommandExecutor.java:167)
	at org.openqa.selenium.remote.service.DriverCommandExecutor.execute(DriverCommandExecutor.java:142)
	at org.openqa.selenium.remote.RemoteWebDriver.execute(RemoteWebDriver.java:567)
	at org.openqa.selenium.remote.RemoteWebDriver.get(RemoteWebDriver.java:330)
	at com.testproject.stepDefs.StroerStepDef.user_navigates_to_web_shop_url(StroerStepDef.java:36)
	at ✽.User navigates to web shop URL(file:///home/ravi-muktavarapu/Desktop/Project_backup/StroerCaseStudy/src/test/resources/features/StroerTest.feature:4)
</textarea>
      
      </div>
              </div>
              <div class="step skip-bg" title="com.testproject.stepDefs.StroerStepDef.load_test_data_from(java.lang.String)">
                <span>Given Load Test Data from "<Case_1>"</span>
      <div>Step skipped
      </div>
              </div>
              <div class="step skip-bg" title="com.testproject.stepDefs.StroerStepDef.user_enters_valid_credentials()">
                <span>When User enters valid credentials</span>
      <div>Step skipped
      </div>
              </div>
              <div class="step skip-bg" title="com.testproject.stepDefs.StroerStepDef.user_clicks_on_login_button()">
                <span>And User clicks on Login button</span>
      <div>Step skipped
      </div>
              </div>
              <div class="step skip-bg" title="com.testproject.stepDefs.StroerStepDef.user_should_get_successful_login_message()">
                <span>Then User should get successful login message</span>
      <div>Step skipped
      </div>
              </div>
              <div class="step skip-bg" title="com.testproject.stepDefs.StroerStepDef.user_navigates_to_web_shop_home_page()">
                <span>Then User navigates to webShop home page</span>
      <div>Step skipped
      </div>
              </div>
              <div class="step pass-bg" title="AFTER">
                <span>com.testproject.stepDefs.Hooks.tearDown(io.cucumber.java.Scenario)</span>
      <div>Scenario fail
          <div class="row mb-3"><div class="col-md-3">
<img data-featherlight='../embedded1.png' src="../embedded1.png">
    
    </div></div>
</div>
      <div>
      </div>
              </div>
          </div>
        </div>
  </div>
  <div class="card">
    <div class="card-header" role="tab">
      <div class="card-title">
        <div class="node" id="11"><span class="badge log fail-bg mr-2">Fail</span>Test02 >> verify user is not able to login to webShop with wrong user details</div>
          <div class="status-avatar float-right mr-4">
            <i class="fa fa-paperclip"></i>
          </div>
      </div>
    </div>
        <div class="">
          <div class="card-body">
              <div class="step fail-bg" title="com.testproject.stepDefs.StroerStepDef.user_navigates_to_web_shop_url()">
                <span>When User navigates to web shop URL</span>
      <div>
        <textarea disabled class="code-block">org.openqa.selenium.WebDriverException: unknown error: net::ERR_NAME_NOT_RESOLVED
  (Session info: chrome=102.0.5005.61)
Build info: version: '4.1.4', revision: '535d840ee2'
System info: host: 'ravimuktavarapu-ThinkPad-P15s-Gen-2i', ip: '127.0.1.1', os.name: 'Linux', os.arch: 'amd64', os.version: '5.13.0-48-generic', java.version: '17.0.1'
Driver info: org.openqa.selenium.chrome.ChromeDriver
Command: [631fe9fd8968ce0ca6f7ef045eb5400a, get {url=http://webshop.url/}]
Capabilities {acceptInsecureCerts: false, browserName: chrome, browserVersion: 102.0.5005.61, chrome: {chromedriverVersion: 102.0.5005.61 (0e59bcc00cc4..., userDataDir: /tmp/.com.google.Chrome.460ZOG}, goog:chromeOptions: {debuggerAddress: localhost:45267}, javascriptEnabled: true, networkConnectionEnabled: false, pageLoadStrategy: normal, platform: LINUX, platformName: LINUX, proxy: Proxy(), se:cdp: ws://localhost:45267/devtoo..., se:cdpVersion: 102.0.5005.61, setWindowRect: true, strictFileInteractability: false, timeouts: {implicit: 0, pageLoad: 300000, script: 30000}, unhandledPromptBehavior: dismiss and notify, webauthn:extension:credBlob: true, webauthn:extension:largeBlob: true, webauthn:virtualAuthenticators: true}
Session ID: 631fe9fd8968ce0ca6f7ef045eb5400a
	at java.base/jdk.internal.reflect.NativeConstructorAccessorImpl.newInstance0(Native Method)
	at java.base/jdk.internal.reflect.NativeConstructorAccessorImpl.newInstance(NativeConstructorAccessorImpl.java:77)
	at java.base/jdk.internal.reflect.DelegatingConstructorAccessorImpl.newInstance(DelegatingConstructorAccessorImpl.java:45)
	at java.base/java.lang.reflect.Constructor.newInstanceWithCaller(Constructor.java:499)
	at java.base/java.lang.reflect.Constructor.newInstance(Constructor.java:480)
	at org.openqa.selenium.remote.codec.w3c.W3CHttpResponseCodec.createException(W3CHttpResponseCodec.java:200)
	at org.openqa.selenium.remote.codec.w3c.W3CHttpResponseCodec.decode(W3CHttpResponseCodec.java:133)
	at org.openqa.selenium.remote.codec.w3c.W3CHttpResponseCodec.decode(W3CHttpResponseCodec.java:53)
	at org.openqa.selenium.remote.HttpCommandExecutor.execute(HttpCommandExecutor.java:184)
	at org.openqa.selenium.remote.service.DriverCommandExecutor.invokeExecute(DriverCommandExecutor.java:167)
	at org.openqa.selenium.remote.service.DriverCommandExecutor.execute(DriverCommandExecutor.java:142)
	at org.openqa.selenium.remote.RemoteWebDriver.execute(RemoteWebDriver.java:567)
	at org.openqa.selenium.remote.RemoteWebDriver.get(RemoteWebDriver.java:330)
	at com.testproject.stepDefs.StroerStepDef.user_navigates_to_web_shop_url(StroerStepDef.java:36)
	at ✽.User navigates to web shop URL(file:///home/ravi-muktavarapu/Desktop/Project_backup/StroerCaseStudy/src/test/resources/features/StroerTest.feature:4)
</textarea>
      
      </div>
              </div>
              <div class="step skip-bg" title="com.testproject.stepDefs.StroerStepDef.load_second_test_data_from(java.lang.String)">
                <span>Given Load second Test Data from "<Case_2>"</span>
      <div>Step skipped
      </div>
              </div>
              <div class="step skip-bg" title="com.testproject.stepDefs.StroerStepDef.user_enters_invalid_credentials()">
                <span>When User enters invalid credentials</span>
      <div>Step skipped
      </div>
              </div>
              <div class="step skip-bg" title="com.testproject.stepDefs.StroerStepDef.user_clicks_on_login_button()">
                <span>And User clicks on Login button</span>
      <div>Step skipped
      </div>
              </div>
              <div class="step skip-bg" title="com.testproject.stepDefs.StroerStepDef.user_should_get_error_message()">
                <span>Then User should get error message</span>
      <div>Step skipped
      </div>
              </div>
              <div class="step skip-bg" title="com.testproject.stepDefs.StroerStepDef.user_should_remain_on_login_page()">
                <span>Then User should remain on login page</span>
      <div>Step skipped
      </div>
              </div>
              <div class="step pass-bg" title="AFTER">
                <span>com.testproject.stepDefs.Hooks.tearDown(io.cucumber.java.Scenario)</span>
      <div>Scenario fail
          <div class="row mb-3"><div class="col-md-3">
<img data-featherlight='../embedded2.png' src="../embedded2.png">
    
    </div></div>
</div>
      <div>
      </div>
              </div>
          </div>
        </div>
  </div>
  <div class="card">
    <div class="card-header" role="tab">
      <div class="card-title">
        <div class="node" id="20"><span class="badge log fail-bg mr-2">Fail</span>Test03 >> verify user is able to add product to cart</div>
          <div class="status-avatar float-right mr-4">
            <i class="fa fa-paperclip"></i>
          </div>
      </div>
    </div>
        <div class="">
          <div class="card-body">
              <div class="step fail-bg" title="com.testproject.stepDefs.StroerStepDef.user_navigates_to_web_shop_url()">
                <span>When User navigates to web shop URL</span>
      <div>
        <textarea disabled class="code-block">org.openqa.selenium.WebDriverException: unknown error: net::ERR_NAME_NOT_RESOLVED
  (Session info: chrome=102.0.5005.61)
Build info: version: '4.1.4', revision: '535d840ee2'
System info: host: 'ravimuktavarapu-ThinkPad-P15s-Gen-2i', ip: '127.0.1.1', os.name: 'Linux', os.arch: 'amd64', os.version: '5.13.0-48-generic', java.version: '17.0.1'
Driver info: org.openqa.selenium.chrome.ChromeDriver
Command: [8c8146abbc0b5f8a68611e3e07a0c384, get {url=http://webshop.url/}]
Capabilities {acceptInsecureCerts: false, browserName: chrome, browserVersion: 102.0.5005.61, chrome: {chromedriverVersion: 102.0.5005.61 (0e59bcc00cc4..., userDataDir: /tmp/.com.google.Chrome.nfCiEz}, goog:chromeOptions: {debuggerAddress: localhost:43123}, javascriptEnabled: true, networkConnectionEnabled: false, pageLoadStrategy: normal, platform: LINUX, platformName: LINUX, proxy: Proxy(), se:cdp: ws://localhost:43123/devtoo..., se:cdpVersion: 102.0.5005.61, setWindowRect: true, strictFileInteractability: false, timeouts: {implicit: 0, pageLoad: 300000, script: 30000}, unhandledPromptBehavior: dismiss and notify, webauthn:extension:credBlob: true, webauthn:extension:largeBlob: true, webauthn:virtualAuthenticators: true}
Session ID: 8c8146abbc0b5f8a68611e3e07a0c384
	at java.base/jdk.internal.reflect.NativeConstructorAccessorImpl.newInstance0(Native Method)
	at java.base/jdk.internal.reflect.NativeConstructorAccessorImpl.newInstance(NativeConstructorAccessorImpl.java:77)
	at java.base/jdk.internal.reflect.DelegatingConstructorAccessorImpl.newInstance(DelegatingConstructorAccessorImpl.java:45)
	at java.base/java.lang.reflect.Constructor.newInstanceWithCaller(Constructor.java:499)
	at java.base/java.lang.reflect.Constructor.newInstance(Constructor.java:480)
	at org.openqa.selenium.remote.codec.w3c.W3CHttpResponseCodec.createException(W3CHttpResponseCodec.java:200)
	at org.openqa.selenium.remote.codec.w3c.W3CHttpResponseCodec.decode(W3CHttpResponseCodec.java:133)
	at org.openqa.selenium.remote.codec.w3c.W3CHttpResponseCodec.decode(W3CHttpResponseCodec.java:53)
	at org.openqa.selenium.remote.HttpCommandExecutor.execute(HttpCommandExecutor.java:184)
	at org.openqa.selenium.remote.service.DriverCommandExecutor.invokeExecute(DriverCommandExecutor.java:167)
	at org.openqa.selenium.remote.service.DriverCommandExecutor.execute(DriverCommandExecutor.java:142)
	at org.openqa.selenium.remote.RemoteWebDriver.execute(RemoteWebDriver.java:567)
	at org.openqa.selenium.remote.RemoteWebDriver.get(RemoteWebDriver.java:330)
	at com.testproject.stepDefs.StroerStepDef.user_navigates_to_web_shop_url(StroerStepDef.java:36)
	at ✽.User navigates to web shop URL(file:///home/ravi-muktavarapu/Desktop/Project_backup/StroerCaseStudy/src/test/resources/features/StroerTest.feature:4)
</textarea>
      
      </div>
              </div>
              <div class="step skip-bg" title="com.testproject.stepDefs.StroerStepDef.load_test_data_from(java.lang.String)">
                <span>Given Load Test Data from "<Case_1>"</span>
      <div>Step skipped
      </div>
              </div>
              <div class="step skip-bg" title="com.testproject.stepDefs.StroerStepDef.user_enters_valid_credentials()">
                <span>When User enters valid credentials</span>
      <div>Step skipped
      </div>
              </div>
              <div class="step skip-bg" title="com.testproject.stepDefs.StroerStepDef.user_clicks_on_login_button()">
                <span>And User clicks on Login button</span>
      <div>Step skipped
      </div>
              </div>
              <div class="step skip-bg" title="com.testproject.stepDefs.StroerStepDef.user_navigates_to_web_shop_home_page()">
                <span>When User navigates to webShop home page</span>
      <div>Step skipped
      </div>
              </div>
              <div class="step skip-bg" title="com.testproject.stepDefs.StroerStepDef.user_checks_product_name_product_price_and_description()">
                <span>Then User checks product name, product price and description</span>
      <div>Step skipped
      </div>
              </div>
              <div class="step skip-bg" title="com.testproject.stepDefs.StroerStepDef.user_clicks_on_add_to_cart_button()">
                <span>When User clicks on add to cart button</span>
      <div>Step skipped
      </div>
              </div>
              <div class="step skip-bg" title="com.testproject.stepDefs.StroerStepDef.product_is_added_to_cart()">
                <span>Then product is added to cart</span>
      <div>Step skipped
      </div>
              </div>
              <div class="step pass-bg" title="AFTER">
                <span>com.testproject.stepDefs.Hooks.tearDown(io.cucumber.java.Scenario)</span>
      <div>Scenario fail
          <div class="row mb-3"><div class="col-md-3">
<img data-featherlight='../embedded3.png' src="../embedded3.png">
    
    </div></div>
</div>
      <div>
      </div>
              </div>
          </div>
        </div>
  </div>
  <div class="card">
    <div class="card-header" role="tab">
      <div class="card-title">
        <div class="node" id="31"><span class="badge log fail-bg mr-2">Fail</span>Test04 >> verify checkout page</div>
          <div class="status-avatar float-right mr-4">
            <i class="fa fa-paperclip"></i>
          </div>
      </div>
    </div>
        <div class="">
          <div class="card-body">
              <div class="step fail-bg" title="com.testproject.stepDefs.StroerStepDef.user_navigates_to_web_shop_url()">
                <span>When User navigates to web shop URL</span>
      <div>
        <textarea disabled class="code-block">org.openqa.selenium.WebDriverException: unknown error: net::ERR_NAME_NOT_RESOLVED
  (Session info: chrome=102.0.5005.61)
Build info: version: '4.1.4', revision: '535d840ee2'
System info: host: 'ravimuktavarapu-ThinkPad-P15s-Gen-2i', ip: '127.0.1.1', os.name: 'Linux', os.arch: 'amd64', os.version: '5.13.0-48-generic', java.version: '17.0.1'
Driver info: org.openqa.selenium.chrome.ChromeDriver
Command: [a4bb253ff02acda68965763f3a025ce0, get {url=http://webshop.url/}]
Capabilities {acceptInsecureCerts: false, browserName: chrome, browserVersion: 102.0.5005.61, chrome: {chromedriverVersion: 102.0.5005.61 (0e59bcc00cc4..., userDataDir: /tmp/.com.google.Chrome.BjDIsV}, goog:chromeOptions: {debuggerAddress: localhost:45143}, javascriptEnabled: true, networkConnectionEnabled: false, pageLoadStrategy: normal, platform: LINUX, platformName: LINUX, proxy: Proxy(), se:cdp: ws://localhost:45143/devtoo..., se:cdpVersion: 102.0.5005.61, setWindowRect: true, strictFileInteractability: false, timeouts: {implicit: 0, pageLoad: 300000, script: 30000}, unhandledPromptBehavior: dismiss and notify, webauthn:extension:credBlob: true, webauthn:extension:largeBlob: true, webauthn:virtualAuthenticators: true}
Session ID: a4bb253ff02acda68965763f3a025ce0
	at java.base/jdk.internal.reflect.NativeConstructorAccessorImpl.newInstance0(Native Method)
	at java.base/jdk.internal.reflect.NativeConstructorAccessorImpl.newInstance(NativeConstructorAccessorImpl.java:77)
	at java.base/jdk.internal.reflect.DelegatingConstructorAccessorImpl.newInstance(DelegatingConstructorAccessorImpl.java:45)
	at java.base/java.lang.reflect.Constructor.newInstanceWithCaller(Constructor.java:499)
	at java.base/java.lang.reflect.Constructor.newInstance(Constructor.java:480)
	at org.openqa.selenium.remote.codec.w3c.W3CHttpResponseCodec.createException(W3CHttpResponseCodec.java:200)
	at org.openqa.selenium.remote.codec.w3c.W3CHttpResponseCodec.decode(W3CHttpResponseCodec.java:133)
	at org.openqa.selenium.remote.codec.w3c.W3CHttpResponseCodec.decode(W3CHttpResponseCodec.java:53)
	at org.openqa.selenium.remote.HttpCommandExecutor.execute(HttpCommandExecutor.java:184)
	at org.openqa.selenium.remote.service.DriverCommandExecutor.invokeExecute(DriverCommandExecutor.java:167)
	at org.openqa.selenium.remote.service.DriverCommandExecutor.execute(DriverCommandExecutor.java:142)
	at org.openqa.selenium.remote.RemoteWebDriver.execute(RemoteWebDriver.java:567)
	at org.openqa.selenium.remote.RemoteWebDriver.get(RemoteWebDriver.java:330)
	at com.testproject.stepDefs.StroerStepDef.user_navigates_to_web_shop_url(StroerStepDef.java:36)
	at ✽.User navigates to web shop URL(file:///home/ravi-muktavarapu/Desktop/Project_backup/StroerCaseStudy/src/test/resources/features/StroerTest.feature:4)
</textarea>
      
      </div>
              </div>
              <div class="step skip-bg" title="com.testproject.stepDefs.StroerStepDef.load_test_data_from(java.lang.String)">
                <span>Given Load Test Data from "<Case_1>"</span>
      <div>Step skipped
      </div>
              </div>
              <div class="step skip-bg" title="com.testproject.stepDefs.StroerStepDef.user_enters_valid_credentials()">
                <span>When User enters valid credentials</span>
      <div>Step skipped
      </div>
              </div>
              <div class="step skip-bg" title="com.testproject.stepDefs.StroerStepDef.user_clicks_on_login_button()">
                <span>And User clicks on Login button</span>
      <div>Step skipped
      </div>
              </div>
              <div class="step skip-bg" title="com.testproject.stepDefs.StroerStepDef.user_navigates_to_web_shop_home_page()">
                <span>When User navigates to webShop home page</span>
      <div>Step skipped
      </div>
              </div>
              <div class="step skip-bg" title="com.testproject.stepDefs.StroerStepDef.user_clicks_on_add_to_cart_button()">
                <span>When User clicks on add to cart button</span>
      <div>Step skipped
      </div>
              </div>
              <div class="step skip-bg" title="com.testproject.stepDefs.StroerStepDef.product_is_added_to_cart()">
                <span>Then product is added to cart</span>
      <div>Step skipped
      </div>
              </div>
              <div class="step skip-bg" title="com.testproject.stepDefs.StroerStepDef.user_clicks_on_cart_button()">
                <span>When user clicks on cart button</span>
      <div>Step skipped
      </div>
              </div>
              <div class="step skip-bg" title="com.testproject.stepDefs.StroerStepDef.user_navigates_to_checkout_page()">
                <span>Then user navigates to checkout page</span>
      <div>Step skipped
      </div>
              </div>
              <div class="step skip-bg" title="com.testproject.stepDefs.StroerStepDef.user_checks_his_details_and_product_in_cart()">
                <span>Then User checks his details and product in cart</span>
      <div>Step skipped
      </div>
              </div>
              <div class="step skip-bg" title="com.testproject.stepDefs.StroerStepDef.user_clicks_on_checkout_button()">
                <span>When user clicks on checkout button</span>
      <div>Step skipped
      </div>
              </div>
              <div class="step skip-bg" title="com.testproject.stepDefs.StroerStepDef.user_gets_success_message()">
                <span>Then user gets success message</span>
      <div>Step skipped
      </div>
              </div>
              <div class="step pass-bg" title="AFTER">
                <span>com.testproject.stepDefs.Hooks.tearDown(io.cucumber.java.Scenario)</span>
      <div>Scenario fail
          <div class="row mb-3"><div class="col-md-3">
<img data-featherlight='../embedded4.png' src="../embedded4.png">
    
    </div></div>
</div>
      <div>
      </div>
              </div>
          </div>
        </div>
  </div>
  <div class="card">
    <div class="card-header" role="tab">
      <div class="card-title">
        <div class="node" id="46"><span class="badge log fail-bg mr-2">Fail</span>Test05 >> Verify order tables</div>
          <div class="status-avatar float-right mr-4">
            <i class="fa fa-paperclip"></i>
          </div>
      </div>
    </div>
        <div class="">
          <div class="card-body">
              <div class="step fail-bg" title="com.testproject.stepDefs.StroerStepDef.user_navigates_to_web_shop_url()">
                <span>When User navigates to web shop URL</span>
      <div>
        <textarea disabled class="code-block">org.openqa.selenium.WebDriverException: unknown error: net::ERR_NAME_NOT_RESOLVED
  (Session info: chrome=102.0.5005.61)
Build info: version: '4.1.4', revision: '535d840ee2'
System info: host: 'ravimuktavarapu-ThinkPad-P15s-Gen-2i', ip: '127.0.1.1', os.name: 'Linux', os.arch: 'amd64', os.version: '5.13.0-48-generic', java.version: '17.0.1'
Driver info: org.openqa.selenium.chrome.ChromeDriver
Command: [6a0680a4fc098631340e5342dd25c722, get {url=http://webshop.url/}]
Capabilities {acceptInsecureCerts: false, browserName: chrome, browserVersion: 102.0.5005.61, chrome: {chromedriverVersion: 102.0.5005.61 (0e59bcc00cc4..., userDataDir: /tmp/.com.google.Chrome.PuJmKq}, goog:chromeOptions: {debuggerAddress: localhost:45539}, javascriptEnabled: true, networkConnectionEnabled: false, pageLoadStrategy: normal, platform: LINUX, platformName: LINUX, proxy: Proxy(), se:cdp: ws://localhost:45539/devtoo..., se:cdpVersion: 102.0.5005.61, setWindowRect: true, strictFileInteractability: false, timeouts: {implicit: 0, pageLoad: 300000, script: 30000}, unhandledPromptBehavior: dismiss and notify, webauthn:extension:credBlob: true, webauthn:extension:largeBlob: true, webauthn:virtualAuthenticators: true}
Session ID: 6a0680a4fc098631340e5342dd25c722
	at java.base/jdk.internal.reflect.NativeConstructorAccessorImpl.newInstance0(Native Method)
	at java.base/jdk.internal.reflect.NativeConstructorAccessorImpl.newInstance(NativeConstructorAccessorImpl.java:77)
	at java.base/jdk.internal.reflect.DelegatingConstructorAccessorImpl.newInstance(DelegatingConstructorAccessorImpl.java:45)
	at java.base/java.lang.reflect.Constructor.newInstanceWithCaller(Constructor.java:499)
	at java.base/java.lang.reflect.Constructor.newInstance(Constructor.java:480)
	at org.openqa.selenium.remote.codec.w3c.W3CHttpResponseCodec.createException(W3CHttpResponseCodec.java:200)
	at org.openqa.selenium.remote.codec.w3c.W3CHttpResponseCodec.decode(W3CHttpResponseCodec.java:133)
	at org.openqa.selenium.remote.codec.w3c.W3CHttpResponseCodec.decode(W3CHttpResponseCodec.java:53)
	at org.openqa.selenium.remote.HttpCommandExecutor.execute(HttpCommandExecutor.java:184)
	at org.openqa.selenium.remote.service.DriverCommandExecutor.invokeExecute(DriverCommandExecutor.java:167)
	at org.openqa.selenium.remote.service.DriverCommandExecutor.execute(DriverCommandExecutor.java:142)
	at org.openqa.selenium.remote.RemoteWebDriver.execute(RemoteWebDriver.java:567)
	at org.openqa.selenium.remote.RemoteWebDriver.get(RemoteWebDriver.java:330)
	at com.testproject.stepDefs.StroerStepDef.user_navigates_to_web_shop_url(StroerStepDef.java:36)
	at ✽.User navigates to web shop URL(file:///home/ravi-muktavarapu/Desktop/Project_backup/StroerCaseStudy/src/test/resources/features/StroerTest.feature:4)
</textarea>
      
      </div>
              </div>
              <div class="step skip-bg" title="com.testproject.stepDefs.StroerStepDef.load_test_data_from(java.lang.String)">
                <span>Given Load Test Data from "<Case_1>"</span>
      <div>Step skipped
      </div>
              </div>
              <div class="step skip-bg" title="com.testproject.stepDefs.StroerStepDef.user_enters_valid_credentials()">
                <span>When User enters valid credentials</span>
      <div>Step skipped
      </div>
              </div>
              <div class="step skip-bg" title="com.testproject.stepDefs.StroerStepDef.user_clicks_on_login_button()">
                <span>And User clicks on Login button</span>
      <div>Step skipped
      </div>
              </div>
              <div class="step skip-bg" title="com.testproject.stepDefs.StroerStepDef.user_clicks_on_add_to_cart_button()">
                <span>When User clicks on add to cart button</span>
      <div>Step skipped
      </div>
              </div>
              <div class="step skip-bg" title="com.testproject.stepDefs.StroerStepDef.user_clicks_on_cart_button()">
                <span>And user clicks on cart button</span>
      <div>Step skipped
      </div>
              </div>
              <div class="step skip-bg" title="com.testproject.stepDefs.StroerStepDef.user_clicks_on_checkout_button()">
                <span>And user clicks on checkout button</span>
      <div>Step skipped
      </div>
              </div>
              <div class="step skip-bg" title="com.testproject.stepDefs.StroerStepDef.order_table_is_created()">
                <span>Then Order table is created</span>
      <div>Step skipped
      </div>
              </div>
              <div class="step skip-bg" title="com.testproject.stepDefs.StroerStepDef.user_verifies_table_data()">
                <span>And User verifies table data</span>
      <div>Step skipped
      </div>
              </div>
              <div class="step pass-bg" title="AFTER">
                <span>com.testproject.stepDefs.Hooks.tearDown(io.cucumber.java.Scenario)</span>
      <div>Scenario fail
          <div class="row mb-3"><div class="col-md-3">
<img data-featherlight='../embedded5.png' src="../embedded5.png">
    
    </div></div>
</div>
      <div>
      </div>
              </div>
          </div>
        </div>
  </div>
  <div class="card">
    <div class="card-header" role="tab">
      <div class="card-title">
        <div class="node" id="58"><span class="badge log fail-bg mr-2">Fail</span>Test06 >> Verify confirmation email is sent to Customer</div>
          <div class="status-avatar float-right mr-4">
            <i class="fa fa-paperclip"></i>
          </div>
      </div>
    </div>
        <div class="">
          <div class="card-body">
              <div class="step fail-bg" title="com.testproject.stepDefs.StroerStepDef.user_navigates_to_web_shop_url()">
                <span>When User navigates to web shop URL</span>
      <div>
        <textarea disabled class="code-block">org.openqa.selenium.WebDriverException: unknown error: net::ERR_NAME_NOT_RESOLVED
  (Session info: chrome=102.0.5005.61)
Build info: version: '4.1.4', revision: '535d840ee2'
System info: host: 'ravimuktavarapu-ThinkPad-P15s-Gen-2i', ip: '127.0.1.1', os.name: 'Linux', os.arch: 'amd64', os.version: '5.13.0-48-generic', java.version: '17.0.1'
Driver info: org.openqa.selenium.chrome.ChromeDriver
Command: [a755f0923c1d0d1e2130b2c8a289bba1, get {url=http://webshop.url/}]
Capabilities {acceptInsecureCerts: false, browserName: chrome, browserVersion: 102.0.5005.61, chrome: {chromedriverVersion: 102.0.5005.61 (0e59bcc00cc4..., userDataDir: /tmp/.com.google.Chrome.5b43Zt}, goog:chromeOptions: {debuggerAddress: localhost:41817}, javascriptEnabled: true, networkConnectionEnabled: false, pageLoadStrategy: normal, platform: LINUX, platformName: LINUX, proxy: Proxy(), se:cdp: ws://localhost:41817/devtoo..., se:cdpVersion: 102.0.5005.61, setWindowRect: true, strictFileInteractability: false, timeouts: {implicit: 0, pageLoad: 300000, script: 30000}, unhandledPromptBehavior: dismiss and notify, webauthn:extension:credBlob: true, webauthn:extension:largeBlob: true, webauthn:virtualAuthenticators: true}
Session ID: a755f0923c1d0d1e2130b2c8a289bba1
	at java.base/jdk.internal.reflect.NativeConstructorAccessorImpl.newInstance0(Native Method)
	at java.base/jdk.internal.reflect.NativeConstructorAccessorImpl.newInstance(NativeConstructorAccessorImpl.java:77)
	at java.base/jdk.internal.reflect.DelegatingConstructorAccessorImpl.newInstance(DelegatingConstructorAccessorImpl.java:45)
	at java.base/java.lang.reflect.Constructor.newInstanceWithCaller(Constructor.java:499)
	at java.base/java.lang.reflect.Constructor.newInstance(Constructor.java:480)
	at org.openqa.selenium.remote.codec.w3c.W3CHttpResponseCodec.createException(W3CHttpResponseCodec.java:200)
	at org.openqa.selenium.remote.codec.w3c.W3CHttpResponseCodec.decode(W3CHttpResponseCodec.java:133)
	at org.openqa.selenium.remote.codec.w3c.W3CHttpResponseCodec.decode(W3CHttpResponseCodec.java:53)
	at org.openqa.selenium.remote.HttpCommandExecutor.execute(HttpCommandExecutor.java:184)
	at org.openqa.selenium.remote.service.DriverCommandExecutor.invokeExecute(DriverCommandExecutor.java:167)
	at org.openqa.selenium.remote.service.DriverCommandExecutor.execute(DriverCommandExecutor.java:142)
	at org.openqa.selenium.remote.RemoteWebDriver.execute(RemoteWebDriver.java:567)
	at org.openqa.selenium.remote.RemoteWebDriver.get(RemoteWebDriver.java:330)
	at com.testproject.stepDefs.StroerStepDef.user_navigates_to_web_shop_url(StroerStepDef.java:36)
	at ✽.User navigates to web shop URL(file:///home/ravi-muktavarapu/Desktop/Project_backup/StroerCaseStudy/src/test/resources/features/StroerTest.feature:4)
</textarea>
      
      </div>
              </div>
              <div class="step skip-bg" title="com.testproject.stepDefs.StroerStepDef.load_test_data_from(java.lang.String)">
                <span>Given Load Test Data from "<Case_1>"</span>
      <div>Step skipped
      </div>
              </div>
              <div class="step skip-bg" title="com.testproject.stepDefs.StroerStepDef.user_enters_valid_credentials()">
                <span>When User enters valid credentials</span>
      <div>Step skipped
      </div>
              </div>
              <div class="step skip-bg" title="com.testproject.stepDefs.StroerStepDef.user_clicks_on_login_button()">
                <span>And User clicks on Login button</span>
      <div>Step skipped
      </div>
              </div>
              <div class="step skip-bg" title="com.testproject.stepDefs.StroerStepDef.user_clicks_on_add_to_cart_button()">
                <span>When User clicks on add to cart button</span>
      <div>Step skipped
      </div>
              </div>
              <div class="step skip-bg" title="com.testproject.stepDefs.StroerStepDef.user_clicks_on_cart_button()">
                <span>And user clicks on cart button</span>
      <div>Step skipped
      </div>
              </div>
              <div class="step skip-bg" title="com.testproject.stepDefs.StroerStepDef.user_clicks_on_checkout_button()">
                <span>And user clicks on checkout button</span>
      <div>Step skipped
      </div>
              </div>
              <div class="step skip-bg" title="com.testproject.stepDefs.StroerStepDef.verify_confirmation_email_is_sent_to_customer()">
                <span>Then verify confirmation email is sent to customer</span>
      <div>Step skipped
      </div>
              </div>
              <div class="step pass-bg" title="AFTER">
                <span>com.testproject.stepDefs.Hooks.tearDown(io.cucumber.java.Scenario)</span>
      <div>Scenario fail
          <div class="row mb-3"><div class="col-md-3">
<img data-featherlight='../embedded6.png' src="../embedded6.png">
    
    </div></div>
</div>
      <div>
      </div>
              </div>
          </div>
        </div>
  </div>
  <div class="card">
    <div class="card-header" role="tab">
      <div class="card-title">
        <div class="node" id="69"><span class="badge log fail-bg mr-2">Fail</span>Test07 >> Verify order xml is created</div>
          <div class="status-avatar float-right mr-4">
            <i class="fa fa-paperclip"></i>
          </div>
      </div>
    </div>
        <div class="">
          <div class="card-body">
              <div class="step fail-bg" title="com.testproject.stepDefs.StroerStepDef.user_navigates_to_web_shop_url()">
                <span>When User navigates to web shop URL</span>
      <div>
        <textarea disabled class="code-block">org.openqa.selenium.WebDriverException: unknown error: net::ERR_NAME_NOT_RESOLVED
  (Session info: chrome=102.0.5005.61)
Build info: version: '4.1.4', revision: '535d840ee2'
System info: host: 'ravimuktavarapu-ThinkPad-P15s-Gen-2i', ip: '127.0.1.1', os.name: 'Linux', os.arch: 'amd64', os.version: '5.13.0-48-generic', java.version: '17.0.1'
Driver info: org.openqa.selenium.chrome.ChromeDriver
Command: [cbea5b7faba0c6614ceb12cbd368b0ad, get {url=http://webshop.url/}]
Capabilities {acceptInsecureCerts: false, browserName: chrome, browserVersion: 102.0.5005.61, chrome: {chromedriverVersion: 102.0.5005.61 (0e59bcc00cc4..., userDataDir: /tmp/.com.google.Chrome.a75JbE}, goog:chromeOptions: {debuggerAddress: localhost:35999}, javascriptEnabled: true, networkConnectionEnabled: false, pageLoadStrategy: normal, platform: LINUX, platformName: LINUX, proxy: Proxy(), se:cdp: ws://localhost:35999/devtoo..., se:cdpVersion: 102.0.5005.61, setWindowRect: true, strictFileInteractability: false, timeouts: {implicit: 0, pageLoad: 300000, script: 30000}, unhandledPromptBehavior: dismiss and notify, webauthn:extension:credBlob: true, webauthn:extension:largeBlob: true, webauthn:virtualAuthenticators: true}
Session ID: cbea5b7faba0c6614ceb12cbd368b0ad
	at java.base/jdk.internal.reflect.NativeConstructorAccessorImpl.newInstance0(Native Method)
	at java.base/jdk.internal.reflect.NativeConstructorAccessorImpl.newInstance(NativeConstructorAccessorImpl.java:77)
	at java.base/jdk.internal.reflect.DelegatingConstructorAccessorImpl.newInstance(DelegatingConstructorAccessorImpl.java:45)
	at java.base/java.lang.reflect.Constructor.newInstanceWithCaller(Constructor.java:499)
	at java.base/java.lang.reflect.Constructor.newInstance(Constructor.java:480)
	at org.openqa.selenium.remote.codec.w3c.W3CHttpResponseCodec.createException(W3CHttpResponseCodec.java:200)
	at org.openqa.selenium.remote.codec.w3c.W3CHttpResponseCodec.decode(W3CHttpResponseCodec.java:133)
	at org.openqa.selenium.remote.codec.w3c.W3CHttpResponseCodec.decode(W3CHttpResponseCodec.java:53)
	at org.openqa.selenium.remote.HttpCommandExecutor.execute(HttpCommandExecutor.java:184)
	at org.openqa.selenium.remote.service.DriverCommandExecutor.invokeExecute(DriverCommandExecutor.java:167)
	at org.openqa.selenium.remote.service.DriverCommandExecutor.execute(DriverCommandExecutor.java:142)
	at org.openqa.selenium.remote.RemoteWebDriver.execute(RemoteWebDriver.java:567)
	at org.openqa.selenium.remote.RemoteWebDriver.get(RemoteWebDriver.java:330)
	at com.testproject.stepDefs.StroerStepDef.user_navigates_to_web_shop_url(StroerStepDef.java:36)
	at ✽.User navigates to web shop URL(file:///home/ravi-muktavarapu/Desktop/Project_backup/StroerCaseStudy/src/test/resources/features/StroerTest.feature:4)
</textarea>
      
      </div>
              </div>
              <div class="step skip-bg" title="com.testproject.stepDefs.StroerStepDef.load_test_data_from(java.lang.String)">
                <span>Given Load Test Data from "<Case_1>"</span>
      <div>Step skipped
      </div>
              </div>
              <div class="step skip-bg" title="com.testproject.stepDefs.StroerStepDef.user_enters_valid_credentials()">
                <span>When User enters valid credentials</span>
      <div>Step skipped
      </div>
              </div>
              <div class="step skip-bg" title="com.testproject.stepDefs.StroerStepDef.user_clicks_on_login_button()">
                <span>And User clicks on Login button</span>
      <div>Step skipped
      </div>
              </div>
              <div class="step skip-bg" title="com.testproject.stepDefs.StroerStepDef.user_clicks_on_add_to_cart_button()">
                <span>When User clicks on add to cart button</span>
      <div>Step skipped
      </div>
              </div>
              <div class="step skip-bg" title="com.testproject.stepDefs.StroerStepDef.user_clicks_on_cart_button()">
                <span>And user clicks on cart button</span>
      <div>Step skipped
      </div>
              </div>
              <div class="step skip-bg" title="com.testproject.stepDefs.StroerStepDef.user_clicks_on_checkout_button()">
                <span>And user clicks on checkout button</span>
      <div>Step skipped
      </div>
              </div>
              <div class="step skip-bg" title="com.testproject.stepDefs.StroerStepDef.verify_order_xml_is_created()">
                <span>Then verify order xml is created</span>
      <div>Step skipped
      </div>
              </div>
              <div class="step pass-bg" title="AFTER">
                <span>com.testproject.stepDefs.Hooks.tearDown(io.cucumber.java.Scenario)</span>
      <div>Scenario fail
          <div class="row mb-3"><div class="col-md-3">
<img data-featherlight='../embedded7.png' src="../embedded7.png">
    
    </div></div>
</div>
      <div>
      </div>
              </div>
          </div>
        </div>
  </div>
  <div class="card">
    <div class="card-header" role="tab">
      <div class="card-title">
        <div class="node" id="80"><span class="badge log fail-bg mr-2">Fail</span>Test08 >> Verify product details in order xml</div>
          <div class="status-avatar float-right mr-4">
            <i class="fa fa-paperclip"></i>
          </div>
      </div>
    </div>
        <div class="">
          <div class="card-body">
              <div class="step fail-bg" title="com.testproject.stepDefs.StroerStepDef.user_navigates_to_web_shop_url()">
                <span>When User navigates to web shop URL</span>
      <div>
        <textarea disabled class="code-block">org.openqa.selenium.WebDriverException: unknown error: net::ERR_NAME_NOT_RESOLVED
  (Session info: chrome=102.0.5005.61)
Build info: version: '4.1.4', revision: '535d840ee2'
System info: host: 'ravimuktavarapu-ThinkPad-P15s-Gen-2i', ip: '127.0.1.1', os.name: 'Linux', os.arch: 'amd64', os.version: '5.13.0-48-generic', java.version: '17.0.1'
Driver info: org.openqa.selenium.chrome.ChromeDriver
Command: [deab11870508074b44121d55aac1a4a4, get {url=http://webshop.url/}]
Capabilities {acceptInsecureCerts: false, browserName: chrome, browserVersion: 102.0.5005.61, chrome: {chromedriverVersion: 102.0.5005.61 (0e59bcc00cc4..., userDataDir: /tmp/.com.google.Chrome.o4o8IZ}, goog:chromeOptions: {debuggerAddress: localhost:32975}, javascriptEnabled: true, networkConnectionEnabled: false, pageLoadStrategy: normal, platform: LINUX, platformName: LINUX, proxy: Proxy(), se:cdp: ws://localhost:32975/devtoo..., se:cdpVersion: 102.0.5005.61, setWindowRect: true, strictFileInteractability: false, timeouts: {implicit: 0, pageLoad: 300000, script: 30000}, unhandledPromptBehavior: dismiss and notify, webauthn:extension:credBlob: true, webauthn:extension:largeBlob: true, webauthn:virtualAuthenticators: true}
Session ID: deab11870508074b44121d55aac1a4a4
	at java.base/jdk.internal.reflect.NativeConstructorAccessorImpl.newInstance0(Native Method)
	at java.base/jdk.internal.reflect.NativeConstructorAccessorImpl.newInstance(NativeConstructorAccessorImpl.java:77)
	at java.base/jdk.internal.reflect.DelegatingConstructorAccessorImpl.newInstance(DelegatingConstructorAccessorImpl.java:45)
	at java.base/java.lang.reflect.Constructor.newInstanceWithCaller(Constructor.java:499)
	at java.base/java.lang.reflect.Constructor.newInstance(Constructor.java:480)
	at org.openqa.selenium.remote.codec.w3c.W3CHttpResponseCodec.createException(W3CHttpResponseCodec.java:200)
	at org.openqa.selenium.remote.codec.w3c.W3CHttpResponseCodec.decode(W3CHttpResponseCodec.java:133)
	at org.openqa.selenium.remote.codec.w3c.W3CHttpResponseCodec.decode(W3CHttpResponseCodec.java:53)
	at org.openqa.selenium.remote.HttpCommandExecutor.execute(HttpCommandExecutor.java:184)
	at org.openqa.selenium.remote.service.DriverCommandExecutor.invokeExecute(DriverCommandExecutor.java:167)
	at org.openqa.selenium.remote.service.DriverCommandExecutor.execute(DriverCommandExecutor.java:142)
	at org.openqa.selenium.remote.RemoteWebDriver.execute(RemoteWebDriver.java:567)
	at org.openqa.selenium.remote.RemoteWebDriver.get(RemoteWebDriver.java:330)
	at com.testproject.stepDefs.StroerStepDef.user_navigates_to_web_shop_url(StroerStepDef.java:36)
	at ✽.User navigates to web shop URL(file:///home/ravi-muktavarapu/Desktop/Project_backup/StroerCaseStudy/src/test/resources/features/StroerTest.feature:4)
</textarea>
      
      </div>
              </div>
              <div class="step skip-bg" title="com.testproject.stepDefs.StroerStepDef.load_test_data_from(java.lang.String)">
                <span>Given Load Test Data from "<Case_1>"</span>
      <div>Step skipped
      </div>
              </div>
              <div class="step skip-bg" title="com.testproject.stepDefs.StroerStepDef.user_enters_valid_credentials()">
                <span>When User enters valid credentials</span>
      <div>Step skipped
      </div>
              </div>
              <div class="step skip-bg" title="com.testproject.stepDefs.StroerStepDef.user_clicks_on_login_button()">
                <span>And User clicks on Login button</span>
      <div>Step skipped
      </div>
              </div>
              <div class="step skip-bg" title="com.testproject.stepDefs.StroerStepDef.user_clicks_on_add_to_cart_button()">
                <span>When User clicks on add to cart button</span>
      <div>Step skipped
      </div>
              </div>
              <div class="step skip-bg" title="com.testproject.stepDefs.StroerStepDef.user_clicks_on_cart_button()">
                <span>And user clicks on cart button</span>
      <div>Step skipped
      </div>
              </div>
              <div class="step skip-bg" title="com.testproject.stepDefs.StroerStepDef.user_clicks_on_checkout_button()">
                <span>And user clicks on checkout button</span>
      <div>Step skipped
      </div>
              </div>
              <div class="step skip-bg" title="com.testproject.stepDefs.StroerStepDef.read_created_order_xml()">
                <span>And read created order xml</span>
      <div>Step skipped
      </div>
              </div>
              <div class="step skip-bg" title="com.testproject.stepDefs.StroerStepDef.user_can_verify_product_details_product_id_in_xml()">
                <span>Then User can verify product details <Product ID> in xml</span>
      <div>Step skipped
      </div>
              </div>
              <div class="step pass-bg" title="AFTER">
                <span>com.testproject.stepDefs.Hooks.tearDown(io.cucumber.java.Scenario)</span>
      <div>Scenario fail
          <div class="row mb-3"><div class="col-md-3">
<img data-featherlight='../embedded8.png' src="../embedded8.png">
    
    </div></div>
</div>
      <div>
      </div>
              </div>
          </div>
        </div>
  </div>
</div>
          </div>
        </li>
      </ul>
    </div>
  </div>
<div class="test-content scrollable">
<div class="test-content-tools">
<ul><li><a class="back-to-test" href="#"><i class="fa fa-arrow-left"></i></a></li></ul>
</div>
<div class="test-content-detail"><div class="detail-body"></div></div>
</div></div>
<div class="test-wrapper row view category-view attributes-view">
<div class="test-list">
<div class="test-list-tools">
<ul class="tools pull-left"><li><a href=""><span class="font-size-14">Category</span></a></li></ul>
<ul class="tools text-right"><li><a href="#"><span class="badge badge-primary">4</span></a></li></ul>
</div>
<div class="test-list-wrapper scrollable">
<ul class="test-list-item">
<li class="test-item">
<div class="test-detail">
<span class="meta">
<span class='badge log badge-danger'>2</span>
</span>
<p class="name">@Requirement4</p>
<p class="duration text-sm">2 tests</p>
</div>
<div class="test-contents d-none">
<div class="info">
<h4>@Requirement4</h4>
<span status="fail" class='badge log badge-danger'>2 failed</span>
</div>
<table class='table table-sm mt-4'>
<thead>
<tr>
<th class="status-col">Status</th>
<th class="timestamp-col">Timestamp</th>
<th>TestName</th>
</tr>
</thead>
<tbody>
<tr class="tag-test-status" status="fail">
<td><span class="badge log fail-bg">Fail</span></td>
<td>21:51:25 PM</td>
<td>
<a href="#" class="linked" test-id='1' id='69'>Test07 >> Verify order xml is created</a>
<div class="">
<span class="badge badge-default">Stroer Case Study.Test07 >> Verify order xml is created</span>
</div>
</td>
</tr>
<tr class="tag-test-status" status="fail">
<td><span class="badge log fail-bg">Fail</span></td>
<td>21:51:26 PM</td>
<td>
<a href="#" class="linked" test-id='1' id='80'>Test08 >> Verify product details in order xml</a>
<div class="">
<span class="badge badge-default">Stroer Case Study.Test08 >> Verify product details in order xml</span>
</div>
</td>
</tr>
</tbody>
</table>
</div>
</li>
<li class="test-item">
<div class="test-detail">
<span class="meta">
<span class='badge log badge-danger'>4</span>
</span>
<p class="name">@Requirement1</p>
<p class="duration text-sm">4 tests</p>
</div>
<div class="test-contents d-none">
<div class="info">
<h4>@Requirement1</h4>
<span status="fail" class='badge log badge-danger'>4 failed</span>
</div>
<table class='table table-sm mt-4'>
<thead>
<tr>
<th class="status-col">Status</th>
<th class="timestamp-col">Timestamp</th>
<th>TestName</th>
</tr>
</thead>
<tbody>
<tr class="tag-test-status" status="fail">
<td><span class="badge log fail-bg">Fail</span></td>
<td>21:51:19 PM</td>
<td>
<a href="#" class="linked" test-id='1' id='2'>Test01 >> verify user is able login to webShop</a>
<div class="">
<span class="badge badge-default">Stroer Case Study.Test01 >> verify user is able login to webShop</span>
</div>
</td>
</tr>
<tr class="tag-test-status" status="fail">
<td><span class="badge log fail-bg">Fail</span></td>
<td>21:51:20 PM</td>
<td>
<a href="#" class="linked" test-id='1' id='11'>Test02 >> verify user is not able to login to webShop with wrong user details</a>
<div class="">
<span class="badge badge-default">Stroer Case Study.Test02 >> verify user is not able to login to webShop with wrong user details</span>
</div>
</td>
</tr>
<tr class="tag-test-status" status="fail">
<td><span class="badge log fail-bg">Fail</span></td>
<td>21:51:21 PM</td>
<td>
<a href="#" class="linked" test-id='1' id='20'>Test03 >> verify user is able to add product to cart</a>
<div class="">
<span class="badge badge-default">Stroer Case Study.Test03 >> verify user is able to add product to cart</span>
</div>
</td>
</tr>
<tr class="tag-test-status" status="fail">
<td><span class="badge log fail-bg">Fail</span></td>
<td>21:51:22 PM</td>
<td>
<a href="#" class="linked" test-id='1' id='31'>Test04 >> verify checkout page</a>
<div class="">
<span class="badge badge-default">Stroer Case Study.Test04 >> verify checkout page</span>
</div>
</td>
</tr>
</tbody>
</table>
</div>
</li>
<li class="test-item">
<div class="test-detail">
<span class="meta">
<span class='badge log badge-danger'>1</span>
</span>
<p class="name">@Requirement2</p>
<p class="duration text-sm">1 tests</p>
</div>
<div class="test-contents d-none">
<div class="info">
<h4>@Requirement2</h4>
<span status="fail" class='badge log badge-danger'>1 failed</span>
</div>
<table class='table table-sm mt-4'>
<thead>
<tr>
<th class="status-col">Status</th>
<th class="timestamp-col">Timestamp</th>
<th>TestName</th>
</tr>
</thead>
<tbody>
<tr class="tag-test-status" status="fail">
<td><span class="badge log fail-bg">Fail</span></td>
<td>21:51:23 PM</td>
<td>
<a href="#" class="linked" test-id='1' id='46'>Test05 >> Verify order tables</a>
<div class="">
<span class="badge badge-default">Stroer Case Study.Test05 >> Verify order tables</span>
</div>
</td>
</tr>
</tbody>
</table>
</div>
</li>
<li class="test-item">
<div class="test-detail">
<span class="meta">
<span class='badge log badge-danger'>1</span>
</span>
<p class="name">@Requirement3</p>
<p class="duration text-sm">1 tests</p>
</div>
<div class="test-contents d-none">
<div class="info">
<h4>@Requirement3</h4>
<span status="fail" class='badge log badge-danger'>1 failed</span>
</div>
<table class='table table-sm mt-4'>
<thead>
<tr>
<th class="status-col">Status</th>
<th class="timestamp-col">Timestamp</th>
<th>TestName</th>
</tr>
</thead>
<tbody>
<tr class="tag-test-status" status="fail">
<td><span class="badge log fail-bg">Fail</span></td>
<td>21:51:24 PM</td>
<td>
<a href="#" class="linked" test-id='1' id='58'>Test06 >> Verify confirmation email is sent to Customer</a>
<div class="">
<span class="badge badge-default">Stroer Case Study.Test06 >> Verify confirmation email is sent to Customer</span>
</div>
</td>
</tr>
</tbody>
</table>
</div>
</li>
</ul>
</div>
</div>
<div class="test-content scrollable">
<div class="test-content-detail">
<div class="detail-body"></div>
</div>
</div>
</div><div class="test-wrapper row view exception-view attributes-view">
<div class="test-list">
<div class="test-list-tools">
<ul class="tools pull-left"><li><a href=""><span class="font-size-14">Exception</span></a></li></ul>
<ul class="tools text-right"><li><a href="#"><span class="badge badge-primary">1</span></a></li></ul>
</div>
<div class="test-list-wrapper scrollable">
<ul class="test-list-item">
<li class="test-item">
<div class="test-detail">
<span class="meta">
<span class='badge log badge-danger'>8</span>
</span>
<p class="name">org.openqa.selenium.WebDriverException</p>
<p class="duration text-sm">8 tests</p>
</div>
<div class="test-contents d-none">
<div class="info">
<h4>org.openqa.selenium.WebDriverException</h4>
<span status="fail" class='badge log badge-danger'>8 failed</span>
</div>
<table class='table table-sm mt-4'>
<thead>
<tr>
<th class="status-col">Status</th>
<th class="timestamp-col">Timestamp</th>
<th>TestName</th>
</tr>
</thead>
<tbody>
<tr class="tag-test-status" status="fail">
<td><span class="badge log fail-bg">Fail</span></td>
<td>21:51:19 PM</td>
<td>
<a href="#" class="linked" test-id='1' id='4'>When User navigates to web shop URL</a>
<div class="">
<span class="badge badge-default">Stroer Case Study.Test01 >> verify user is able login to webShop.When User navigates to web shop URL</span>
</div>
</td>
</tr>
<tr class="tag-test-status" status="fail">
<td><span class="badge log fail-bg">Fail</span></td>
<td>21:51:20 PM</td>
<td>
<a href="#" class="linked" test-id='1' id='13'>When User navigates to web shop URL</a>
<div class="">
<span class="badge badge-default">Stroer Case Study.Test02 >> verify user is not able to login to webShop with wrong user details.When User navigates to web shop URL</span>
</div>
</td>
</tr>
<tr class="tag-test-status" status="fail">
<td><span class="badge log fail-bg">Fail</span></td>
<td>21:51:21 PM</td>
<td>
<a href="#" class="linked" test-id='1' id='22'>When User navigates to web shop URL</a>
<div class="">
<span class="badge badge-default">Stroer Case Study.Test03 >> verify user is able to add product to cart.When User navigates to web shop URL</span>
</div>
</td>
</tr>
<tr class="tag-test-status" status="fail">
<td><span class="badge log fail-bg">Fail</span></td>
<td>21:51:22 PM</td>
<td>
<a href="#" class="linked" test-id='1' id='33'>When User navigates to web shop URL</a>
<div class="">
<span class="badge badge-default">Stroer Case Study.Test04 >> verify checkout page.When User navigates to web shop URL</span>
</div>
</td>
</tr>
<tr class="tag-test-status" status="fail">
<td><span class="badge log fail-bg">Fail</span></td>
<td>21:51:23 PM</td>
<td>
<a href="#" class="linked" test-id='1' id='48'>When User navigates to web shop URL</a>
<div class="">
<span class="badge badge-default">Stroer Case Study.Test05 >> Verify order tables.When User navigates to web shop URL</span>
</div>
</td>
</tr>
<tr class="tag-test-status" status="fail">
<td><span class="badge log fail-bg">Fail</span></td>
<td>21:51:24 PM</td>
<td>
<a href="#" class="linked" test-id='1' id='60'>When User navigates to web shop URL</a>
<div class="">
<span class="badge badge-default">Stroer Case Study.Test06 >> Verify confirmation email is sent to Customer.When User navigates to web shop URL</span>
</div>
</td>
</tr>
<tr class="tag-test-status" status="fail">
<td><span class="badge log fail-bg">Fail</span></td>
<td>21:51:25 PM</td>
<td>
<a href="#" class="linked" test-id='1' id='71'>When User navigates to web shop URL</a>
<div class="">
<span class="badge badge-default">Stroer Case Study.Test07 >> Verify order xml is created.When User navigates to web shop URL</span>
</div>
</td>
</tr>
<tr class="tag-test-status" status="fail">
<td><span class="badge log fail-bg">Fail</span></td>
<td>21:51:26 PM</td>
<td>
<a href="#" class="linked" test-id='1' id='82'>When User navigates to web shop URL</a>
<div class="">
<span class="badge badge-default">Stroer Case Study.Test08 >> Verify product details in order xml.When User navigates to web shop URL</span>
</div>
</td>
</tr>
</tbody>
</table>
</div>
</li>
</ul>
</div>
</div>
<div class="test-content scrollable">
<div class="test-content-detail">
<div class="detail-body"></div>
</div>
</div>
</div>        </div>
      </div>
    </div>
  </div>
<script src="https://cdn.jsdelivr.net/gh/extent-framework/extent-github-cdn@d6562a79075e061305ccfdb82f01e5e195e2d307/spark/js/spark-script.js"></script>
<script type="text/javascript"></script></body>
</html>